<?xml version="1.0" encoding="UTF-8"?>
<testng-results skipped="0" failed="0" ignored="0" total="1" passed="1">
  <reporter-output>
  </reporter-output>
  <suite name="Default suite" duration-ms="2614" started-at="2020-08-11T01:25:59Z" finished-at="2020-08-11T01:26:02Z">
    <groups>
    </groups>
    <test name="Default test" duration-ms="2614" started-at="2020-08-11T01:25:59Z" finished-at="2020-08-11T01:26:02Z">
      <class name="RestAssuredBDD.APIBDDDelete">
        <test-method status="PASS" signature="deletedata()[pri:0, instance:RestAssuredBDD.APIBDDDelete@6f3b5d16]" name="deletedata" duration-ms="2572" started-at="2020-08-11T01:25:59Z" finished-at="2020-08-11T01:26:02Z">
          <reporter-output>
          </reporter-output>
        </test-method> <!-- deletedata -->
      </class> <!-- RestAssuredBDD.APIBDDDelete -->
    </test> <!-- Default test -->
  </suite> <!-- Default suite -->
</testng-results>
