<?xml version="1.0" encoding="UTF-8"?>
<testng-results skipped="0" failed="0" ignored="0" total="1" passed="1">
  <reporter-output>
  </reporter-output>
  <suite name="Default suite" duration-ms="5505" started-at="2020-08-12T01:08:57Z" finished-at="2020-08-12T01:09:02Z">
    <groups>
    </groups>
    <test name="Default test" duration-ms="5505" started-at="2020-08-12T01:08:57Z" finished-at="2020-08-12T01:09:02Z">
      <class name="apiTestONE.APIoneGet">
        <test-method status="PASS" signature="getemployeedetails()[pri:0, instance:apiTestONE.APIoneGet@3b938003]" name="getemployeedetails" duration-ms="5375" started-at="2020-08-12T01:08:57Z" finished-at="2020-08-12T01:09:02Z">
          <reporter-output>
          </reporter-output>
        </test-method> <!-- getemployeedetails -->
      </class> <!-- apiTestONE.APIoneGet -->
    </test> <!-- Default test -->
  </suite> <!-- Default suite -->
</testng-results>
